0 info it worked if it ends with ok
1 verbose cli [ '/home/karlito/.nvm/versions/node/v4.0.0/bin/node',
1 verbose cli   '/home/karlito/.nvm/versions/node/v4.0.0/bin/npm',
1 verbose cli   'install',
1 verbose cli   'ya-framework' ]
2 info using npm@3.8.5
3 info using node@v4.0.0
4 silly loadCurrentTree Starting
5 silly install loadCurrentTree
6 silly install readLocalPackageData
7 silly fetchPackageMetaData ya-framework
8 silly fetchNamedPackageData ya-framework
9 silly mapToRegistry name ya-framework
10 silly mapToRegistry using default registry
11 silly mapToRegistry registry https://registry.npmjs.org/
12 silly mapToRegistry data Result {
12 silly mapToRegistry   raw: 'ya-framework',
12 silly mapToRegistry   scope: null,
12 silly mapToRegistry   name: 'ya-framework',
12 silly mapToRegistry   rawSpec: '',
12 silly mapToRegistry   spec: 'latest',
12 silly mapToRegistry   type: 'tag' }
13 silly mapToRegistry uri https://registry.npmjs.org/ya-framework
14 verbose request uri https://registry.npmjs.org/ya-framework
15 verbose request no auth needed
16 info attempt registry request try #1 at 17:24:10
17 verbose request using bearer token for auth
18 verbose request id bc5c50fe1f0e46c0
19 http request GET https://registry.npmjs.org/ya-framework
20 http 200 https://registry.npmjs.org/ya-framework
21 verbose headers { server: 'CouchDB/1.5.0 (Erlang OTP/R16B03)',
21 verbose headers   etag: '"3VZGG05843JVS9TN3VSIUSRCG"',
21 verbose headers   'content-type': 'application/json',
21 verbose headers   'cache-control': 'max-age=300',
21 verbose headers   'content-length': '5343',
21 verbose headers   'accept-ranges': 'bytes',
21 verbose headers   date: 'Sun, 03 Apr 2016 15:24:12 GMT',
21 verbose headers   via: '1.1 varnish',
21 verbose headers   connection: 'keep-alive',
21 verbose headers   'x-served-by': 'cache-lcy1131-LCY',
21 verbose headers   'x-cache': 'MISS',
21 verbose headers   'x-cache-hits': '0',
21 verbose headers   'x-timer': 'S1459697051.997941,VS0,VE97',
21 verbose headers   vary: 'Accept' }
22 silly get cb [ 200,
22 silly get   { server: 'CouchDB/1.5.0 (Erlang OTP/R16B03)',
22 silly get     etag: '"3VZGG05843JVS9TN3VSIUSRCG"',
22 silly get     'content-type': 'application/json',
22 silly get     'cache-control': 'max-age=300',
22 silly get     'content-length': '5343',
22 silly get     'accept-ranges': 'bytes',
22 silly get     date: 'Sun, 03 Apr 2016 15:24:12 GMT',
22 silly get     via: '1.1 varnish',
22 silly get     connection: 'keep-alive',
22 silly get     'x-served-by': 'cache-lcy1131-LCY',
22 silly get     'x-cache': 'MISS',
22 silly get     'x-cache-hits': '0',
22 silly get     'x-timer': 'S1459697051.997941,VS0,VE97',
22 silly get     vary: 'Accept' } ]
23 verbose get saving ya-framework to /home/karlito/.npm/registry.npmjs.org/ya-framework/.cache.json
24 verbose correctMkdir /home/karlito/.npm correctMkdir not in flight; initializing
25 silly install normalizeTree
26 silly loadCurrentTree Finishing
27 silly loadIdealTree Starting
28 silly install loadIdealTree
29 silly cloneCurrentTree Starting
30 silly install cloneCurrentTreeToIdealTree
31 silly cloneCurrentTree Finishing
32 silly loadShrinkwrap Starting
33 silly install loadShrinkwrap
34 silly loadShrinkwrap Finishing
35 silly loadAllDepsIntoIdealTree Starting
36 silly install loadAllDepsIntoIdealTree
37 silly rollbackFailedOptional Starting
38 silly rollbackFailedOptional Finishing
39 silly runTopLevelLifecycles Starting
40 silly runTopLevelLifecycles Finishing
41 silly install printInstalled
42 verbose stack Error: Refusing to install ya-framework as a dependency of itself
42 verbose stack     at checkSelf (/home/karlito/.nvm/versions/node/v4.0.0/lib/node_modules/npm/lib/install/validate-args.js:53:14)
42 verbose stack     at Array.<anonymous> (/home/karlito/.nvm/versions/node/v4.0.0/lib/node_modules/npm/node_modules/slide/lib/bind-actor.js:15:8)
42 verbose stack     at LOOP (/home/karlito/.nvm/versions/node/v4.0.0/lib/node_modules/npm/node_modules/slide/lib/chain.js:15:14)
42 verbose stack     at chain (/home/karlito/.nvm/versions/node/v4.0.0/lib/node_modules/npm/node_modules/slide/lib/chain.js:20:5)
42 verbose stack     at /home/karlito/.nvm/versions/node/v4.0.0/lib/node_modules/npm/lib/install/validate-args.js:16:5
42 verbose stack     at /home/karlito/.nvm/versions/node/v4.0.0/lib/node_modules/npm/node_modules/slide/lib/async-map.js:52:35
42 verbose stack     at Array.forEach (native)
42 verbose stack     at /home/karlito/.nvm/versions/node/v4.0.0/lib/node_modules/npm/node_modules/slide/lib/async-map.js:52:11
42 verbose stack     at Array.forEach (native)
42 verbose stack     at asyncMap (/home/karlito/.nvm/versions/node/v4.0.0/lib/node_modules/npm/node_modules/slide/lib/async-map.js:51:8)
43 verbose cwd /home/karlito/batcave/yat
44 error Linux 3.13.0-43-generic
45 error argv "/home/karlito/.nvm/versions/node/v4.0.0/bin/node" "/home/karlito/.nvm/versions/node/v4.0.0/bin/npm" "install" "ya-framework"
46 error node v4.0.0
47 error npm  v3.8.5
48 error code ENOSELF
49 error Refusing to install ya-framework as a dependency of itself
50 error If you need help, you may report this error at:
50 error     <https://github.com/npm/npm/issues>
51 verbose exit [ 1, true ]
